{
  "id": "test_run_1760958065125_wc7m2u8",
  "startTime": "2025-10-20T11:01:05.125Z",
  "endTime": "2025-10-20T11:01:28.463Z",
  "tests": [
    {
      "testId": "infra-2",
      "testName": "infra-2",
      "status": "pass",
      "message": "JavaScript syntax validation passed",
      "timestamp": "2025-10-20T11:01:28.461Z",
      "duration": 18697,
      "apiCalls": [],
      "errors": [],
      "metadata": {
        "scriptOutput": "üîß CUPIDO DEVELOPMENT HEALTH MONITOR\n====================================\nDevelopment environment validation\n\n1Ô∏è‚É£  DEVELOPMENT TOOLS\n====================\n\u001b[0;34m‚ÑπÔ∏è  Checking Expo CLI...\u001b[0m\n\u001b[0;32m‚úÖ Expo CLI available (version 0.24.22)\u001b[0m\n\u001b[0;34m‚ÑπÔ∏è  Checking development dependencies...\u001b[0m\n\u001b[0;32m‚úÖ node_modules directory exists\u001b[0m\n\u001b[0;32m‚úÖ expo installed\u001b[0m\n\u001b[0;32m‚úÖ react installed\u001b[0m\n\u001b[0;32m‚úÖ react-native installed\u001b[0m\n\u001b[0;32m‚úÖ typescript installed\u001b[0m\n\n2Ô∏è‚É£  JAVASCRIPT SYNTAX VALIDATION\n================================\n\u001b[0;34m‚ÑπÔ∏è  Validating JavaScript syntax...\u001b[0m\n\u001b[0;32m‚úÖ App.tsx exists and has content\u001b[0m\n\u001b[0;32m‚úÖ server.js syntax valid\u001b[0m\n\u001b[0;32m‚úÖ comprehensive-test-functions.js syntax valid\u001b[0m\n\u001b[0;32m‚úÖ auto-init.js syntax valid\u001b[0m\n\u001b[0;32m‚úÖ session-logger.js syntax valid\u001b[0m\n\u001b[0;34m‚ÑπÔ∏è  Validating HTML files...\u001b[0m\n\u001b[0;32m‚úÖ cupido-test-dashboard.html HTML structure valid\u001b[0m\n\u001b[0;32m‚úÖ public/index.html HTML structure valid\u001b[0m\n\n3Ô∏è‚É£  DEVELOPMENT SERVERS\n=======================\n\u001b[0;34m‚ÑπÔ∏è  Checking development servers...\u001b[0m\n\u001b[0;32m‚úÖ Server running on port 3001 (PID: 23704\n30062)\u001b[0m\n\u001b[0;32m‚úÖ Server responding normally\u001b[0m\n\u001b[0;32m‚úÖ Expo server running on port 8081 (PID: 31219)\u001b[0m\n\u001b[0;34m‚ÑπÔ∏è  Checking for development issues...\u001b[0m\n\u001b[0;32m‚úÖ Expo cache directory exists ( 12K)\u001b[0m\nsrc/components/AIReflectionChat.tsx(146,52): error TS2339: Property 'generateFollowUp' does not exist on type 'ReflectionAiService'.\nsrc/components/ChatReflectionInterface.tsx(76,5): error TS2304: Cannot find name 'setupAudioMode'.\nsrc/components/ChatReflectionInterface.tsx(99,7): error TS2304: Cannot find name 'startConversation'.\nsrc/components/ChatReflectionInterface.tsx(103,7): error TS2304: Cannot find name 'startConversation'.\nsrc/components/ChatReflectionInterface.tsx(131,10): error TS2304: Cannot find name 'recording'.\nsrc/components/ChatReflectionInterface.tsx(131,24): error TS2304: Cannot find name 'isRecording'.\nsrc/components/ChatReflectionInterface.tsx(140,7): error TS2304: Cannot find name 'recordingAnimation'.\nsrc/components/ChatReflectionInterface.tsx(141,7): error TS2304: Cannot find name 'recordingAnimation'.\nsrc/components/ChatReflectionInterface.tsx(144,7): error TS2304: Cannot find name 'setIsRecording'.\nsrc/components/ChatReflectionInterface.tsx(147,13): error TS2304: Cannot find name 'recording'.\nsrc/components/ChatReflectionInterface.tsx(148,19): error TS2304: Cannot find name 'recording'.\nsrc/components/ChatReflectionInterface.tsx(152,7): error TS2304: Cannot find name 'setRecording'.\nsrc/components/ChatReflectionInterface.tsx(155,9): error TS2304: Cannot find name 'setPendingAudioUri'.\nsrc/components/ChatReflectionInterface.tsx(162,11): error TS2304: Cannot find name 'setCurrentInput'.\nsrc/components/ChatReflectionInterface.tsx(163,11): error TS2304: Cannot find name 'setWasVoiceUsed'.\nsrc/components/ChatReflectionInterface.tsx(169,7): error TS2304: Cannot find name 'setIsRecording'.\nsrc/components/ChatReflectionInterface.tsx(170,7): error TS2304: Cannot find name 'setRecording'.\nsrc/components/ChatReflectionInterface.tsx(401,21): error TS2304: Cannot find name 'currentInput'.\nsrc/components/ChatReflectionInterface.tsx(402,29): error TS2304: Cannot find name 'pendingImageUri'.\nsrc/components/ChatReflectionInterface.tsx(403,29): error TS2304: Cannot find name 'pendingAudioUri'.\nsrc/components/ChatReflectionInterface.tsx(438,5): error TS2304: Cannot find name 'setCurrentInput'.\nsrc/components/ChatReflectionInterface.tsx(477,29): error TS2304: Cannot find name 'wasVoiceUsed'.\nsrc/components/ChatReflectionInterface.tsx(549,9): error TS2304: Cannot find name 'setPendingImageUri'.\nsrc/components/ChatReflectionInterface.tsx(550,9): error TS2304: Cannot find name 'setPendingAudioUri'.\nsrc/components/ChatReflectionInterface.tsx(551,9): error TS2304: Cannot find name 'setWasVoiceUsed'.\nsrc/components/ChatReflectionInterface.tsx(792,32): error TS2304: Cannot find name 'ImagePicker'.\nsrc/components/ChatReflectionInterface.tsx(798,28): error TS2304: Cannot find name 'ImagePicker'.\nsrc/components/ChatReflectionInterface.tsx(799,21): error TS2304: Cannot find name 'ImagePicker'.\nsrc/components/ChatReflectionInterface.tsx(806,9): error TS2304: Cannot find name 'setPendingImageUri'.\nsrc/components/ChatReflectionInterface.tsx(1019,13): error TS2304: Cannot find name 'pendingImageUri'.\nsrc/components/ChatReflectionInterface.tsx(1019,32): error TS2304: Cannot find name 'pendingAudioUri'.\nsrc/components/ChatReflectionInterface.tsx(1021,16): error TS2304: Cannot find name 'pendingImageUri'.\nsrc/components/ChatReflectionInterface.tsx(1023,41): error TS2304: Cannot find name 'pendingImageUri'.\nsrc/components/ChatReflectionInterface.tsx(1025,36): error TS2304: Cannot find name 'setPendingImageUri'.\nsrc/components/ChatReflectionInterface.tsx(1034,16): error TS2304: Cannot find name 'pendingAudioUri'.\nsrc/components/ChatReflectionInterface.tsx(1040,23): error TS2304: Cannot find name 'setPendingAudioUri'.\nsrc/components/ChatReflectionInterface.tsx(1041,23): error TS2304: Cannot find name 'setWasVoiceUsed'.\nsrc/components/ChatReflectionInterface.tsx(1062,16): error TS2304: Cannot find name 'TextInput'.\nsrc/components/ChatReflectionInterface.tsx(1063,43): error TS2304: Cannot find name 'isRecording'.\nsrc/components/ChatReflectionInterface.tsx(1064,24): error TS2304: Cannot find name 'currentInput'.\nsrc/components/ChatReflectionInterface.tsx(1065,31): error TS2304: Cannot find name 'setCurrentInput'.\nsrc/components/ChatReflectionInterface.tsx(1066,30): error TS2304: Cannot find name 'isRecording'.\nsrc/components/ChatReflectionInterface.tsx(1070,28): error TS2304: Cannot find name 'isRecording'.\nsrc/components/ChatReflectionInterface.tsx(1090,16): error TS2304: Cannot find name 'Pressable'.\nsrc/components/ChatReflectionInterface.tsx(1091,45): error TS2304: Cannot find name 'isRecording'.\nsrc/components/ChatReflectionInterface.tsx(1094,19): error TS2304: Cannot find name 'startRecording'.\nsrc/components/ChatReflectionInterface.tsx(1101,18): error TS2304: Cannot find name 'Animated'.\nsrc/components/ChatReflectionInterface.tsx(1103,19): error TS2304: Cannot find name 'isRecording'.\nsrc/components/ChatReflectionInterface.tsx(1106,30): error TS2304: Cannot find name 'recordingAnimation'.\nsrc/components/ChatReflectionInterface.tsx(1114,55): error TS2304: Cannot find name 'isRecording'.\nsrc/components/ChatReflectionInterface.tsx(1115,55): error TS2304: Cannot find name 'isRecording'.\nsrc/components/ChatReflectionInterface.tsx(1117,19): error TS2304: Cannot find name 'Animated'.\nsrc/components/ChatReflectionInterface.tsx(1118,17): error TS2304: Cannot find name 'Pressable'.\nsrc/components/ChatReflectionInterface.tsx(1121,15): error TS2304: Cannot find name 'currentInput'.\nsrc/components/ChatReflectionInterface.tsx(1121,49): error TS2304: Cannot find name 'pendingImageUri'.\nsrc/components/ChatReflectionInterface.tsx(1121,68): error TS2304: Cannot find name 'pendingAudioUri'.\nsrc/components/ChatReflectionInterface.tsx(1125,27): error TS2304: Cannot find name 'isRecording'.\nsrc/components/ChatReflectionInterface.tsx(1138,1): error TS1258: A default export must be at the top level of a file or module declaration.\nsrc/components/DebugButton.tsx(70,33): error TS2304: Cannot find name 'testWithXHR'.\nsrc/components/MinimalChatInput.tsx(142,18): error TS2339: Property 'type' does not exist on type 'DocumentPickerResult'.\n  Property 'type' does not exist on type 'DocumentPickerSuccessResult'.\nsrc/components/MinimalChatInput.tsx(143,58): error TS2339: Property 'uri' does not exist on type 'DocumentPickerResult'.\n  Property 'uri' does not exist on type 'DocumentPickerSuccessResult'.\nsrc/components/SimpleReflectionChat.tsx(354,32): error TS2552: Cannot find name 'ChatMessageType'. Did you mean 'DBChatMessage'?\nsrc/components/SimpleReflectionChat.tsx(367,34): error TS2339: Property 'addMessage' does not exist on type 'ChatDatabaseService'.\nsrc/components/SimpleReflectionChat.tsx(408,29): error TS2339: Property 'name' does not exist on type 'User'.\nsrc/components/SimpleReflectionChat.tsx(810,11): error TS2345: Argument of type '{ base64: {}; mimeType: string; } | undefined' is not assignable to parameter of type '{ base64: string; mimeType: string; } | undefined'.\n  Type '{ base64: {}; mimeType: string; }' is not assignable to type '{ base64: string; mimeType: string; }'.\n    Types of property 'base64' are incompatible.\n      Type '{}' is not assignable to type 'string'.\nsrc/components/SimpleReflectionChat.tsx(1167,13): error TS2322: Type '((messageOverride?: string | undefined) => Promise<void>) | undefined' is not assignable to type '((e: NativeSyntheticEvent<TextInputSubmitEditingEventData>) => void) | undefined'.\n  Type '(messageOverride?: string) => Promise<void>' is not assignable to type '(e: NativeSyntheticEvent<TextInputSubmitEditingEventData>) => void'.\n    Types of parameters 'messageOverride' and 'e' are incompatible.\n      Type 'NativeSyntheticEvent<TextInputSubmitEditingEventData>' is not assignable to type 'string'.\nsrc/components/SimpleReflectionChat.tsx(1200,13): error TS2322: Type '(messageOverride?: string) => Promise<void>' is not assignable to type '(event: GestureResponderEvent) => void'.\n  Types of parameters 'messageOverride' and 'event' are incompatible.\n    Type 'GestureResponderEvent' is not assignable to type 'string'.\nsrc/screens/PixelPerfectHomeScreen.tsx(463,57): error TS7006: Parameter 'tag' implicitly has an 'any' type.\nsrc/screens/PixelPerfectHomeScreen.tsx(463,62): error TS7006: Parameter 'tagIndex' implicitly has an 'any' type.\nsrc/screens/PixelPerfectMatchesScreen.tsx(29,9): error TS2353: Object literal may only specify known properties, and 'overall' does not exist in type 'CompatibilityScore'.\nsrc/screens/PixelPerfectMatchesScreen.tsx(55,7): error TS2322: Type '\"pending\"' is not assignable to type '\"suggested\" | \"liked\" | \"passed\" | \"mutual_like\" | \"conversation_started\"'.\nsrc/screens/PixelPerfectMatchesScreen.tsx(61,9): error TS2353: Object literal may only specify known properties, and 'overall' does not exist in type 'CompatibilityScore'.\nsrc/screens/PixelPerfectMatchesScreen.tsx(87,7): error TS2322: Type '\"pending\"' is not assignable to type '\"suggested\" | \"liked\" | \"passed\" | \"mutual_like\" | \"conversation_started\"'.\nsrc/screens/PixelPerfectMatchesScreen.tsx(93,9): error TS2353: Object literal may only specify known properties, and 'overall' does not exist in type 'CompatibilityScore'.\nsrc/screens/PixelPerfectMatchesScreen.tsx(119,7): error TS2322: Type '\"pending\"' is not assignable to type '\"suggested\" | \"liked\" | \"passed\" | \"mutual_like\" | \"conversation_started\"'.\nsrc/services/chatDatabase.ts(62,10): error TS2339: Property 'maybeSingle' does not exist on type 'PostgrestFilterBuilder<any, any, any[], \"profiles\", unknown> | { single: () => Promise<{ data: null; error: null; }>; }'.\n  Property 'maybeSingle' does not exist on type '{ single: () => Promise<{ data: null; error: null; }>; }'.\nsrc/services/chatDatabase.ts(80,17): error TS2339: Property 'data' does not exist on type '{ single: () => Promise<{ data: null; error: null; }>; } | PostgrestSingleResponse<any[]>'.\nsrc/services/chatDatabase.ts(80,35): error TS2339: Property 'error' does not exist on type '{ single: () => Promise<{ data: null; error: null; }>; } | PostgrestSingleResponse<any[]>'.\nsrc/services/chatDatabase.ts(107,14): error TS2339: Property 'maybeSingle' does not exist on type 'PostgrestFilterBuilder<any, any, any[], \"profiles\", unknown> | { single: () => Promise<{ data: null; error: null; }>; }'.\n  Property 'maybeSingle' does not exist on type '{ single: () => Promise<{ data: null; error: null; }>; }'.\nsrc/services/chatDatabase.ts(148,10): error TS2339: Property 'order' does not exist on type '{ single: () => Promise<{ data: null; error: null; }>; } | PostgrestFilterBuilder<any, any, any[], \"chat_conversations\", unknown>'.\n  Property 'order' does not exist on type '{ single: () => Promise<{ data: null; error: null; }>; }'.\nsrc/services/chatDatabase.ts(162,17): error TS2339: Property 'data' does not exist on type '{ single: () => Promise<{ data: null; error: null; }>; } | PostgrestSingleResponse<any[]>'.\nsrc/services/chatDatabase.ts(162,35): error TS2339: Property 'error' does not exist on type '{ single: () => Promise<{ data: null; error: null; }>; } | PostgrestSingleResponse<any[]>'.\nsrc/services/chatDatabase.ts(189,14): error TS2339: Property 'order' does not exist on type '{ single: () => Promise<{ data: null; error: null; }>; } | PostgrestFilterBuilder<any, any, any[], \"chat_conversations\", unknown>'.\n  Property 'order' does not exist on type '{ single: () => Promise<{ data: null; error: null; }>; }'.\nsrc/services/chatDatabase.ts(269,10): error TS2339: Property 'order' does not exist on type '{ single: () => Promise<{ data: null; error: null; }>; } | PostgrestFilterBuilder<any, any, any[], \"chat_messages\", unknown>'.\n  Property 'order' does not exist on type '{ single: () => Promise<{ data: null; error: null; }>; }'.\nsrc/services/chatDatabase.ts(291,10): error TS2339: Property 'order' does not exist on type '{ single: () => Promise<{ data: null; error: null; }>; } | PostgrestFilterBuilder<any, any, any[], \"chat_conversations\", unknown>'.\n  Property 'order' does not exist on type '{ single: () => Promise<{ data: null; error: null; }>; }'.\nsrc/services/chatDatabase.ts(308,8): error TS2339: Property 'channel' does not exist on type '{ auth: { onAuthStateChange: () => { data: { subscription: { unsubscribe: () => void; }; }; }; signUp: () => Promise<{ data: null; error: null; }>; signInWithPassword: () => Promise<{ data: null; error: null; }>; signOut: () => Promise<...>; getUser: () => Promise<...>; }; from: () => { ...; }; functions: { ...; }; ...'.\n  Property 'channel' does not exist on type '{ auth: { onAuthStateChange: () => { data: { subscription: { unsubscribe: () => void; }; }; }; signUp: () => Promise<{ data: null; error: null; }>; signInWithPassword: () => Promise<{ data: null; error: null; }>; signOut: () => Promise<...>; getUser: () => Promise<...>; }; from: () => { ...; }; functions: { ...; }; }'.\nsrc/services/chatDatabase.ts(317,10): error TS7006: Parameter 'payload' implicitly has an 'any' type.\nsrc/services/chatDatabase.ts(324,16): error TS2339: Property 'removeChannel' does not exist on type '{ auth: { onAuthStateChange: () => { data: { subscription: { unsubscribe: () => void; }; }; }; signUp: () => Promise<{ data: null; error: null; }>; signInWithPassword: () => Promise<{ data: null; error: null; }>; signOut: () => Promise<...>; getUser: () => Promise<...>; }; from: () => { ...; }; functions: { ...; }; ...'.\n  Property 'removeChannel' does not exist on type '{ auth: { onAuthStateChange: () => { data: { subscription: { unsubscribe: () => void; }; }; }; signUp: () => Promise<{ data: null; error: null; }>; signInWithPassword: () => Promise<{ data: null; error: null; }>; signOut: () => Promise<...>; getUser: () => Promise<...>; }; from: () => { ...; }; functions: { ...; }; }'.\nsrc/services/chatDatabase.ts(353,10): error TS2339: Property 'in' does not exist on type '{ eq: () => { single: () => Promise<{ data: null; error: null; }>; }; } | PostgrestFilterBuilder<any, any, any[], \"chat_messages\", unknown>'.\n  Property 'in' does not exist on type '{ eq: () => { single: () => Promise<{ data: null; error: null; }>; }; }'.\nsrc/services/chatDatabase.ts(364,10): error TS7006: Parameter 'acc' implicitly has an 'any' type.\nsrc/services/chatDatabase.ts(364,15): error TS7006: Parameter 'msg' implicitly has an 'any' type.\nsrc/services/chatDatabase.ts(373,17): error TS7006: Parameter 'msg' implicitly has an 'any' type.\nsrc/services/chatDatabase.ts(374,14): error TS7006: Parameter 'msg' implicitly has an 'any' type.\nsrc/services/chatDatabase.ts(377,33): error TS7006: Parameter 'a' implicitly has an 'any' type.\nsrc/services/chatDatabase.ts(377,36): error TS7006: Parameter 'b' implicitly has an 'any' type.\nsrc/services/chatDatabase.ts(410,12): error TS2339: Property 'delete' does not exist on type '{ select: () => { eq: () => { single: () => Promise<{ data: null; error: null; }>; }; }; insert: () => { select: () => { single: () => Promise<{ data: null; error: null; }>; }; }; update: () => { eq: () => any; }; } | PostgrestQueryBuilder<...>'.\n  Property 'delete' does not exist on type '{ select: () => { eq: () => { single: () => Promise<{ data: null; error: null; }>; }; }; insert: () => { select: () => { single: () => Promise<{ data: null; error: null; }>; }; }; update: () => { eq: () => any; }; }'.\nsrc/services/chatDatabase.ts(423,12): error TS2339: Property 'delete' does not exist on type '{ select: () => { eq: () => { single: () => Promise<{ data: null; error: null; }>; }; }; insert: () => { select: () => { single: () => Promise<{ data: null; error: null; }>; }; }; update: () => { eq: () => any; }; } | PostgrestQueryBuilder<...>'.\n  Property 'delete' does not exist on type '{ select: () => { eq: () => { single: () => Promise<{ data: null; error: null; }>; }; }; insert: () => { select: () => { single: () => Promise<{ data: null; error: null; }>; }; }; update: () => { eq: () => any; }; }'.\nsrc/services/chatDatabase.ts(437,10): error TS2339: Property 'delete' does not exist on type '{ select: () => { eq: () => { single: () => Promise<{ data: null; error: null; }>; }; }; insert: () => { select: () => { single: () => Promise<{ data: null; error: null; }>; }; }; update: () => { eq: () => any; }; } | PostgrestQueryBuilder<...>'.\n  Property 'delete' does not exist on type '{ select: () => { eq: () => { single: () => Promise<{ data: null; error: null; }>; }; }; insert: () => { select: () => { single: () => Promise<{ data: null; error: null; }>; }; }; update: () => { eq: () => any; }; }'.\nsrc/services/chatDatabase.ts(507,10): error TS2339: Property 'order' does not exist on type '{ single: () => Promise<{ data: null; error: null; }>; } | PostgrestFilterBuilder<any, any, any[], \"image_attachments\", unknown>'.\n  Property 'order' does not exist on type '{ single: () => Promise<{ data: null; error: null; }>; }'.\nsrc/services/chatDatabase.ts(579,10): error TS2339: Property 'order' does not exist on type '{ single: () => Promise<{ data: null; error: null; }>; } | PostgrestFilterBuilder<any, any, any[], \"image_attachments\", unknown>'.\n  Property 'order' does not exist on type '{ single: () => Promise<{ data: null; error: null; }>; }'.\nsrc/services/chatDatabase.ts(600,10): error TS2339: Property 'delete' does not exist on type '{ select: () => { eq: () => { single: () => Promise<{ data: null; error: null; }>; }; }; insert: () => { select: () => { single: () => Promise<{ data: null; error: null; }>; }; }; update: () => { eq: () => any; }; } | PostgrestQueryBuilder<...>'.\n  Property 'delete' does not exist on type '{ select: () => { eq: () => { single: () => Promise<{ data: null; error: null; }>; }; }; insert: () => { select: () => { single: () => Promise<{ data: null; error: null; }>; }; }; update: () => { eq: () => any; }; }'.\nsrc/services/localDatabase/userRepository.ts(110,25): error TS2347: Untyped function calls may not accept type arguments.\nsrc/services/profileCompletenessService.ts(146,23): error TS2339: Property 'name' does not exist on type 'User'.\nsrc/services/profileCompletenessService.ts(146,36): error TS2339: Property 'name' does not exist on type 'User'.\nsrc/services/profileCompletenessService.ts(149,19): error TS2339: Property 'dateOfBirth' does not exist on type 'User'.\nsrc/services/profileCompletenessService.ts(151,41): error TS2339: Property 'dateOfBirth' does not exist on type 'User'.\nsrc/services/profileCompletenessService.ts(156,23): error TS2339: Property 'gender' does not exist on type 'User'.\nsrc/services/profileCompletenessService.ts(160,23): error TS2339: Property 'bio' does not exist on type 'User'.\nsrc/services/profileCompletenessService.ts(160,35): error TS2339: Property 'bio' does not exist on type 'User'.\nsrc/services/profileCompletenessService.ts(164,23): error TS2339: Property 'photos' does not exist on type 'User'.\nsrc/services/profileCompletenessService.ts(164,38): error TS2339: Property 'photos' does not exist on type 'User'.\nsrc/services/profileCompletenessService.ts(168,23): error TS2339: Property 'location' does not exist on type 'User'.\nsrc/services/profileCompletenessService.ts(168,42): error TS2339: Property 'location' does not exist on type 'User'.\nsrc/services/profileCompletenessService.ts(172,23): error TS2339: Property 'lookingFor' does not exist on type 'User'.\nsrc/services/profileCompletenessService.ts(172,42): error TS2339: Property 'lookingFor' does not exist on type 'User'.\nsrc/services/profileCompletenessService.ts(175,23): error TS2339: Property 'relationshipGoals' does not exist on type 'User'.\nsrc/services/profileCompletenessService.ts(179,23): error TS2339: Property 'interests' does not exist on type 'User'.\nsrc/services/profileCompletenessService.ts(179,41): error TS2339: Property 'interests' does not exist on type 'User'.\nsrc/services/profileCompletenessService.ts(182,23): error TS2339: Property 'emailVerified' does not exist on type 'User'.\nsrc/services/profileCompletenessService.ts(208,15): error TS2339: Property 'dateOfBirth' does not exist on type 'User'.\nsrc/services/profileCompletenessService.ts(209,44): error TS2339: Property 'dateOfBirth' does not exist on type 'User'.\nsrc/services/promptRepository.ts(60,10): error TS2339: Property 'order' does not exist on type '{ single: () => Promise<{ data: null; error: null; }>; } | PostgrestFilterBuilder<any, any, any[], \"prompt_versions\", unknown>'.\n  Property 'order' does not exist on type '{ single: () => Promise<{ data: null; error: null; }>; }'.\nsrc/services/promptRepository.ts(74,35): error TS7006: Parameter 'active' implicitly has an 'any' type.\nsrc/services/promptRepository.ts(75,19): error TS2339: Property 'count' does not exist on type '{ single: () => Promise<{ data: null; error: null; }>; } | PostgrestSingleResponse<{ id: any; }[]>'.\nsrc/services/promptRepository.ts(118,12): error TS2339: Property 'eq' does not exist on type '{ single: () => Promise<{ data: null; error: null; }>; } | PostgrestFilterBuilder<any, any, any[], \"prompt_versions\", unknown>'.\n  Property 'eq' does not exist on type '{ single: () => Promise<{ data: null; error: null; }>; }'.\nsrc/services/promptRepository.ts(123,23): error TS2339: Property 'eq' does not exist on type '{ single: () => Promise<{ data: null; error: null; }>; } | PostgrestFilterBuilder<any, any, any[], \"prompt_versions\", unknown>'.\n  Property 'eq' does not exist on type '{ single: () => Promise<{ data: null; error: null; }>; }'.\nsrc/services/promptRepository.ts(126,43): error TS2339: Property 'maybeSingle' does not exist on type '{ single: () => Promise<{ data: null; error: null; }>; } | PostgrestFilterBuilder<any, any, any[], \"prompt_versions\", unknown>'.\n  Property 'maybeSingle' does not exist on type '{ single: () => Promise<{ data: null; error: null; }>; }'.\nsrc/services/promptRepository.ts(156,10): error TS2339: Property 'order' does not exist on type '{ single: () => Promise<{ data: null; error: null; }>; } | PostgrestFilterBuilder<any, any, any[], \"prompt_versions\", unknown>'.\n  Property 'order' does not exist on type '{ single: () => Promise<{ data: null; error: null; }>; }'.\nsrc/services/promptRepository.ts(194,46): error TS2339: Property 'rpc' does not exist on type '{ auth: { onAuthStateChange: () => { data: { subscription: { unsubscribe: () => void; }; }; }; signUp: () => Promise<{ data: null; error: null; }>; signInWithPassword: () => Promise<{ data: null; error: null; }>; signOut: () => Promise<...>; getUser: () => Promise<...>; }; from: () => { ...; }; functions: { ...; }; ...'.\n  Property 'rpc' does not exist on type '{ auth: { onAuthStateChange: () => { data: { subscription: { unsubscribe: () => void; }; }; }; signUp: () => Promise<{ data: null; error: null; }>; signInWithPassword: () => Promise<{ data: null; error: null; }>; signOut: () => Promise<...>; getUser: () => Promise<...>; }; from: () => { ...; }; functions: { ...; }; }'.\nsrc/services/promptRepository.ts(282,34): error TS18046: 'promptData' is of type 'unknown'.\nsrc/services/promptRepository.ts(283,35): error TS18046: 'promptData' is of type 'unknown'.\nsrc/services/promptRepository.ts(291,17): error TS2339: Property 'error' does not exist on type '{ select: () => { single: () => Promise<{ data: null; error: null; }>; }; } | PostgrestSingleResponse<null>'.\nsrc/services/promptRepository.ts(295,26): error TS18046: 'promptData' is of type 'unknown'.\nsrc/services/promptRepository.ts(300,26): error TS18046: 'promptData' is of type 'unknown'.\nsrc/services/promptRepository.ts(382,15): error TS2339: Property 'error' does not exist on type '{ select: () => { single: () => Promise<{ data: null; error: null; }>; }; } | PostgrestSingleResponse<null>'.\nsrc/services/promptService.ts(284,41): error TS2304: Cannot find name 'API_BASE_URL'.\nsrc/services/promptService.ts(350,39): error TS2304: Cannot find name 'API_BASE_URL'.\nsrc/services/reflectionsRepository.ts(221,28): error TS2347: Untyped function calls may not accept type arguments.\nsrc/services/reflectionsRepository.ts(264,28): error TS2347: Untyped function calls may not accept type arguments.\nsrc/services/reflectionsRepository.ts(312,28): error TS2347: Untyped function calls may not accept type arguments.\nsrc/services/reflectionsRepository.ts(362,24): error TS2347: Untyped function calls may not accept type arguments.\nsrc/services/reflectionsRepository.ts(458,26): error TS2347: Untyped function calls may not accept type arguments.\nsrc/services/reflectionsRepository.ts(484,24): error TS2347: Untyped function calls may not accept type arguments.\nsrc/services/reflectionsRepository.ts(509,26): error TS2347: Untyped function calls may not accept type arguments.\nsrc/services/reflectionsRepository.ts(548,26): error TS2347: Untyped function calls may not accept type arguments.\nsrc/services/reflectionsRepository.ts(585,24): error TS2347: Untyped function calls may not accept type arguments.\nsrc/services/reflectionsRepository.ts(590,22): error TS7006: Parameter 'row' implicitly has an 'any' type.\nsrc/services/reflectionsRepository.ts(712,28): error TS2347: Untyped function calls may not accept type arguments.\n\u001b[1;33m‚ö†Ô∏è  TypeScript compilation has issues\u001b[0m\n\n4Ô∏è‚É£  BROWSER & DEBUGGING\n=======================\n\u001b[0;34m‚ÑπÔ∏è  Checking browser debugging setup...\u001b[0m\n\u001b[0;32m‚úÖ Chrome browser available for debugging\u001b[0m\n\u001b[0;34m‚ÑπÔ∏è  Testing dashboard debugging features...\u001b[0m\n\u001b[0;32m‚úÖ Test dashboard accessible for debugging\u001b[0m\n\u001b[0;32m‚úÖ Dashboard has console logging capabilities\u001b[0m\n\n5Ô∏è‚É£  PERFORMANCE & RESOURCES\n============================\n\u001b[0;34m‚ÑπÔ∏è  Checking file sizes...\u001b[0m\n\u001b[1;33m‚ö†Ô∏è  Large files detected (may impact performance):\u001b[0m\n\u001b[1;33m‚ö†Ô∏è    ./dist/_expo/static/js/web/index-5d4e06c1f0d73d70c9e7867d64643189.js (1590498 bytes)\u001b[0m\n\u001b[1;33m‚ö†Ô∏è    ./dist/docs/Archive/Codex_musing/index.html (2268118 bytes)\u001b[0m\n\u001b[1;33m‚ö†Ô∏è    ./node_modules/@types/node/crypto.d.ts (190175 bytes)\u001b[0m\n\u001b[1;33m‚ö†Ô∏è    ./node_modules/@types/node/fs.d.ts (189515 bytes)\u001b[0m\n\u001b[1;33m‚ö†Ô∏è    ./node_modules/@types/node/http2.d.ts (129139 bytes)\u001b[0m\n\u001b[0;34m‚ÑπÔ∏è  Checking for performance issues...\u001b[0m\n\u001b[1;33m‚ö†Ô∏è  High console logging count (   10609) - may impact performance\u001b[0m\n\n6Ô∏è‚É£  BUILD & DEPLOYMENT READINESS\n=================================\n\u001b[0;34m‚ÑπÔ∏è  Checking build readiness...\u001b[0m\n\u001b[0;32m‚úÖ Build script configured in package.json\u001b[0m\n\u001b[0;32m‚úÖ Start script configured in package.json\u001b[0m\n\u001b[0;34m‚ÑπÔ∏è  No development-specific environment config\u001b[0m\n\u001b[0;34m‚ÑπÔ∏è  No production-specific environment config\u001b[0m\n\nüìä DEVELOPMENT HEALTH SUMMARY\n=============================\n\u001b[0;32m‚úÖ Development Environment: HEALTHY (%)\u001b[0m\n\n\u001b[0;34m‚ÑπÔ∏è  Development Recommendations:\u001b[0m\n\nüíæ Full logs available at: logs/development-health.log\nüïê Check completed at: 2025-10-20 16:31:09\n"
      }
    }
  ],
  "environment": {
    "apiUrl": "http://localhost:3001/api/chat",
    "appUrl": "/app",
    "userAgent": "Mozilla/5.0 (Macintosh; Intel Mac OS X 10_15_7) AppleWebKit/537.36 (KHTML, like Gecko) Chrome/141.0.0.0 Safari/537.36",
    "timestamp": 1760958065125
  },
  "totalDuration": 23338,
  "summary": {
    "total": 1,
    "passed": 1,
    "failed": 0,
    "passRate": "100.0"
  },
  "receivedAt": "2025-10-20T11:01:28.483Z"
}